<?xml version="1.0" encoding="UTF-8"?>
<!-- Generated by org.testng.reporters.JUnitXMLReporter -->
<testsuite hostname="LAPTOP-DFDQN7BU" ignored="0" name="Test" tests="13" failures="1" timestamp="03 Oct 2019 10:46:43 GMT" time="190.78" errors="0">
  <testcase name="Login" time="6.809" classname="Multiple_classes.ClassThree"/>
  <testcase name="Login" time="5.491" classname="Multiple_classes.ClassTwo"/>
  <testcase name="Login" time="5.453" classname="Multiple_classes.ClassOne"/>
  <testcase name="Login" time="5.88" classname="Multiple_classes.ForthClass"/>
  <testcase name="account" time="4.236" classname="Multiple_classes.ClassThree"/>
  <testcase name="account" time="3.959" classname="Multiple_classes.ForthClass"/>
  <testcase name="account" time="3.113" classname="Multiple_classes.ClassTwo"/>
  <testcase name="AccountAdd" time="7.913" classname="Multiple_classes.ClassThree"/>
  <testcase name="add1" time="24.617" classname="Multiple_classes.ForthClass"/>
  <testcase name="Payment" time="6.327" classname="Multiple_classes.ForthClass"/>
  <testcase name="PayMethod" time="24.497" classname="Multiple_classes.ForthClass"/>
  <testcase name="Item" time="30.588" classname="Multiple_classes.ForthClass"/>
  <testcase name="Review" time="0.181" classname="Multiple_classes.ForthClass">
    <failure type="org.openqa.selenium.WebDriverException" message="unknown error: Element &amp;lt;button type=&amp;quot;submit&amp;quot; form=&amp;quot;form-invoice&amp;quot; title=&amp;quot;&amp;quot; data-toggle=&amp;quot;tooltip&amp;quot; id=&amp;quot;button-save&amp;quot; class=&amp;quot;btn btn-success disabled total&amp;quot; data-original-title=&amp;quot;Save&amp;quot;&amp;gt;...&amp;lt;/button&amp;gt; is not clickable at point (1275, 112). Other element would receive the click: &amp;lt;div class=&amp;quot;pull-right&amp;quot;&amp;gt;...&amp;lt;/div&amp;gt;
  (Session info: chrome=77.0.3865.90)
  (Driver info: chromedriver=2.43.600210 (68dcf5eebde37173d4027fa8635e332711d2874a),platform=Windows NT 10.0.18362 x86_64) (WARNING: The server did not provide any stacktrace information)
Command duration or timeout: 0 milliseconds
Build info: version: &amp;apos;3.141.59&amp;apos;, revision: &amp;apos;e82be7d358&amp;apos;, time: &amp;apos;2018-11-14T08:25:53&amp;apos;
System info: host: &amp;apos;LAPTOP-DFDQN7BU&amp;apos;, ip: &amp;apos;192.168.1.21&amp;apos;, os.name: &amp;apos;Windows 10&amp;apos;, os.arch: &amp;apos;amd64&amp;apos;, os.version: &amp;apos;10.0&amp;apos;, java.version: &amp;apos;1.8.0_191&amp;apos;
Driver info: org.openqa.selenium.chrome.ChromeDriver
Capabilities {acceptInsecureCerts: false, acceptSslCerts: false, applicationCacheEnabled: false, browserConnectionEnabled: false, browserName: chrome, chrome: {chromedriverVersion: 2.43.600210 (68dcf5eebde371..., userDataDir: C:\Users\VRUSHALI\AppData\L...}, cssSelectorsEnabled: true, databaseEnabled: false, goog:chromeOptions: {debuggerAddress: localhost:51343}, handlesAlerts: true, hasTouchScreen: false, javascriptEnabled: true, locationContextEnabled: true, mobileEmulationEnabled: false, nativeEvents: true, networkConnectionEnabled: false, pageLoadStrategy: normal, platform: XP, platformName: XP, rotatable: false, setWindowRect: true, takesHeapSnapshot: true, takesScreenshot: true, unexpectedAlertBehaviour: , unhandledPromptBehavior: , version: 77.0.3865.90, webStorageEnabled: true}
Session ID: e3119958cfcd721bb0066678a906cfc4">
      <![CDATA[org.openqa.selenium.WebDriverException: unknown error: Element <button type="submit" form="form-invoice" title="" data-toggle="tooltip" id="button-save" class="btn btn-success disabled total" data-original-title="Save">...</button> is not clickable at point (1275, 112). Other element would receive the click: <div class="pull-right">...</div>
  (Session info: chrome=77.0.3865.90)
  (Driver info: chromedriver=2.43.600210 (68dcf5eebde37173d4027fa8635e332711d2874a),platform=Windows NT 10.0.18362 x86_64) (WARNING: The server did not provide any stacktrace information)
Command duration or timeout: 0 milliseconds
Build info: version: '3.141.59', revision: 'e82be7d358', time: '2018-11-14T08:25:53'
System info: host: 'LAPTOP-DFDQN7BU', ip: '192.168.1.21', os.name: 'Windows 10', os.arch: 'amd64', os.version: '10.0', java.version: '1.8.0_191'
Driver info: org.openqa.selenium.chrome.ChromeDriver
Capabilities {acceptInsecureCerts: false, acceptSslCerts: false, applicationCacheEnabled: false, browserConnectionEnabled: false, browserName: chrome, chrome: {chromedriverVersion: 2.43.600210 (68dcf5eebde371..., userDataDir: C:\Users\VRUSHALI\AppData\L...}, cssSelectorsEnabled: true, databaseEnabled: false, goog:chromeOptions: {debuggerAddress: localhost:51343}, handlesAlerts: true, hasTouchScreen: false, javascriptEnabled: true, locationContextEnabled: true, mobileEmulationEnabled: false, nativeEvents: true, networkConnectionEnabled: false, pageLoadStrategy: normal, platform: XP, platformName: XP, rotatable: false, setWindowRect: true, takesHeapSnapshot: true, takesScreenshot: true, unexpectedAlertBehaviour: , unhandledPromptBehavior: , version: 77.0.3865.90, webStorageEnabled: true}
Session ID: e3119958cfcd721bb0066678a906cfc4
	at org.openqa.selenium.remote.ErrorHandler.createThrowable(ErrorHandler.java:214)
	at org.openqa.selenium.remote.ErrorHandler.throwIfResponseFailed(ErrorHandler.java:166)
	at org.openqa.selenium.remote.http.JsonHttpResponseCodec.reconstructValue(JsonHttpResponseCodec.java:40)
	at org.openqa.selenium.remote.http.AbstractHttpResponseCodec.decode(AbstractHttpResponseCodec.java:80)
	at org.openqa.selenium.remote.http.AbstractHttpResponseCodec.decode(AbstractHttpResponseCodec.java:44)
	at org.openqa.selenium.remote.HttpCommandExecutor.execute(HttpCommandExecutor.java:158)
	at org.openqa.selenium.remote.service.DriverCommandExecutor.execute(DriverCommandExecutor.java:83)
	at org.openqa.selenium.remote.RemoteWebDriver.execute(RemoteWebDriver.java:552)
	at org.openqa.selenium.remote.RemoteWebElement.execute(RemoteWebElement.java:285)
	at org.openqa.selenium.remote.RemoteWebElement.click(RemoteWebElement.java:84)
	at Multiple_classes.ForthClass.Review(ForthClass.java:97)
... Removed 29 stack frames]]>
    </failure>
  </testcase> <!-- Review -->
</testsuite> <!-- Test -->
